<?xml version="1.0" encoding="UTF-8"?>
<testng-results ignored="0" total="1" passed="1" failed="0" skipped="0">
  <reporter-output>
  </reporter-output>
  <suite started-at="2023-11-10T20:33:45 IST" name="Default suite" finished-at="2023-11-10T20:33:48 IST" duration-ms="2868">
    <groups>
    </groups>
    <test started-at="2023-11-10T20:33:45 IST" name="Default test" finished-at="2023-11-10T20:33:48 IST" duration-ms="2868">
      <class name="restassuredPetScripts1.AssignmentDemo004">
        <test-method signature="assignment004login()[pri:49, instance:restassuredPetScripts1.AssignmentDemo004@68759011]" started-at="2023-11-10T20:33:45 IST" name="assignment004login" finished-at="2023-11-10T20:33:48 IST" duration-ms="2837" status="PASS">
          <reporter-output>
          </reporter-output>
        </test-method> <!-- assignment004login -->
      </class> <!-- restassuredPetScripts1.AssignmentDemo004 -->
    </test> <!-- Default test -->
  </suite> <!-- Default suite -->
</testng-results>
